{"/Users/mon/workspace/CalculatorApp/src/Button.js": {"path":"/Users/mon/workspace/CalculatorApp/src/Button.js","statementMap":{"0":{"start":{"line":6,"column":4},"end":{"line":10,"column":5}}},"fnMap":{"0":{"name":"Button","decl":{"start":{"line":5,"column":9},"end":{"line":5,"column":15}},"loc":{"start":{"line":5,"column":34},"end":{"line":11,"column":1}},"line":5}},"branchMap":{},"s":{"0":51},"f":{"0":51},"b":{},"_coverageSchema":"43e27e138ebf9cfc5966b082cf9a028302ed4184","hash":"a48e2e61861de8772e28ca835636663183d43674"}
,"/Users/mon/workspace/CalculatorApp/src/Screen.js": {"path":"/Users/mon/workspace/CalculatorApp/src/Screen.js","statementMap":{"0":{"start":{"line":11,"column":8},"end":{"line":11,"column":21}},"1":{"start":{"line":15,"column":8},"end":{"line":45,"column":10}},"2":{"start":{"line":23,"column":28},"end":{"line":31,"column":30}},"3":{"start":{"line":26,"column":40},"end":{"line":28,"column":41}},"4":{"start":{"line":27,"column":81},"end":{"line":27,"column":110}},"5":{"start":{"line":36,"column":28},"end":{"line":40,"column":30}},"6":{"start":{"line":38,"column":73},"end":{"line":38,"column":104}},"7":{"start":{"line":49,"column":31},"end":{"line":51,"column":2}},"8":{"start":{"line":49,"column":41},"end":{"line":51,"column":1}},"9":{"start":{"line":53,"column":34},"end":{"line":55,"column":1}},"10":{"start":{"line":54,"column":4},"end":{"line":54,"column":69}}},"fnMap":{"0":{"name":"(anonymous_0)","decl":{"start":{"line":10,"column":4},"end":{"line":10,"column":5}},"loc":{"start":{"line":10,"column":22},"end":{"line":12,"column":5}},"line":10},"1":{"name":"(anonymous_1)","decl":{"start":{"line":14,"column":4},"end":{"line":14,"column":5}},"loc":{"start":{"line":14,"column":13},"end":{"line":46,"column":5}},"line":14},"2":{"name":"(anonymous_2)","decl":{"start":{"line":22,"column":42},"end":{"line":22,"column":43}},"loc":{"start":{"line":22,"column":61},"end":{"line":32,"column":25}},"line":22},"3":{"name":"(anonymous_3)","decl":{"start":{"line":25,"column":48},"end":{"line":25,"column":49}},"loc":{"start":{"line":25,"column":64},"end":{"line":29,"column":37}},"line":25},"4":{"name":"(anonymous_4)","decl":{"start":{"line":27,"column":75},"end":{"line":27,"column":76}},"loc":{"start":{"line":27,"column":81},"end":{"line":27,"column":110}},"line":27},"5":{"name":"(anonymous_5)","decl":{"start":{"line":35,"column":44},"end":{"line":35,"column":45}},"loc":{"start":{"line":35,"column":62},"end":{"line":41,"column":25}},"line":35},"6":{"name":"(anonymous_6)","decl":{"start":{"line":38,"column":67},"end":{"line":38,"column":68}},"loc":{"start":{"line":38,"column":73},"end":{"line":38,"column":104}},"line":38},"7":{"name":"(anonymous_7)","decl":{"start":{"line":49,"column":31},"end":{"line":49,"column":32}},"loc":{"start":{"line":49,"column":41},"end":{"line":51,"column":1}},"line":49},"8":{"name":"(anonymous_8)","decl":{"start":{"line":53,"column":34},"end":{"line":53,"column":35}},"loc":{"start":{"line":53,"column":46},"end":{"line":55,"column":1}},"line":53}},"branchMap":{},"s":{"0":3,"1":3,"2":12,"3":36,"4":0,"5":15,"6":0,"7":2,"8":6,"9":2,"10":8},"f":{"0":3,"1":3,"2":12,"3":36,"4":0,"5":15,"6":0,"7":6,"8":8},"b":{},"_coverageSchema":"43e27e138ebf9cfc5966b082cf9a028302ed4184","hash":"bdf8e287af87a814c8f26a44fc6cd461ffc5185d"}
,"/Users/mon/workspace/CalculatorApp/src/actions.js": {"path":"/Users/mon/workspace/CalculatorApp/src/actions.js","statementMap":{"0":{"start":{"line":3,"column":27},"end":{"line":6,"column":2}},"1":{"start":{"line":3,"column":39},"end":{"line":6,"column":1}},"2":{"start":{"line":8,"column":29},"end":{"line":11,"column":2}},"3":{"start":{"line":8,"column":41},"end":{"line":11,"column":1}}},"fnMap":{"0":{"name":"(anonymous_0)","decl":{"start":{"line":3,"column":27},"end":{"line":3,"column":28}},"loc":{"start":{"line":3,"column":39},"end":{"line":6,"column":1}},"line":3},"1":{"name":"(anonymous_1)","decl":{"start":{"line":8,"column":29},"end":{"line":8,"column":30}},"loc":{"start":{"line":8,"column":41},"end":{"line":11,"column":1}},"line":8}},"branchMap":{},"s":{"0":3,"1":2,"2":3,"3":2},"f":{"0":2,"1":2},"b":{},"_coverageSchema":"43e27e138ebf9cfc5966b082cf9a028302ed4184","hash":"a54921c9000a84a382bb88aaa4763c5163b43c2c"}
,"/Users/mon/workspace/CalculatorApp/src/constants.js": {"path":"/Users/mon/workspace/CalculatorApp/src/constants.js","statementMap":{"0":{"start":{"line":1,"column":28},"end":{"line":6,"column":1}},"1":{"start":{"line":8,"column":30},"end":{"line":8,"column":55}},"2":{"start":{"line":10,"column":28},"end":{"line":10,"column":42}},"3":{"start":{"line":11,"column":30},"end":{"line":11,"column":46}}},"fnMap":{},"branchMap":{},"s":{"0":4,"1":4,"2":4,"3":4},"f":{},"b":{},"_coverageSchema":"43e27e138ebf9cfc5966b082cf9a028302ed4184","hash":"7939b96b3c2a60fb4214850cb15fee8a02f8e21b"}
,"/Users/mon/workspace/CalculatorApp/src/reducer.js": {"path":"/Users/mon/workspace/CalculatorApp/src/reducer.js","statementMap":{"0":{"start":{"line":4,"column":21},"end":{"line":7,"column":1}},"1":{"start":{"line":10,"column":17},"end":{"line":10,"column":22}},"2":{"start":{"line":11,"column":4},"end":{"line":15,"column":6}},"3":{"start":{"line":12,"column":8},"end":{"line":14,"column":9}},"4":{"start":{"line":13,"column":12},"end":{"line":13,"column":25}},"5":{"start":{"line":16,"column":4},"end":{"line":16,"column":17}},"6":{"start":{"line":19,"column":23},"end":{"line":19,"column":38}},"7":{"start":{"line":22,"column":4},"end":{"line":48,"column":5}},"8":{"start":{"line":24,"column":12},"end":{"line":26,"column":13}},"9":{"start":{"line":25,"column":16},"end":{"line":25,"column":61}},"10":{"start":{"line":27,"column":12},"end":{"line":27,"column":137}},"11":{"start":{"line":29,"column":28},"end":{"line":29,"column":65}},"12":{"start":{"line":31,"column":12},"end":{"line":31,"column":49}},"13":{"start":{"line":31,"column":37},"end":{"line":31,"column":49}},"14":{"start":{"line":33,"column":12},"end":{"line":38,"column":13}},"15":{"start":{"line":34,"column":16},"end":{"line":36,"column":17}},"16":{"start":{"line":35,"column":20},"end":{"line":35,"column":138}},"17":{"start":{"line":37,"column":16},"end":{"line":37,"column":105}},"18":{"start":{"line":40,"column":12},"end":{"line":43,"column":13}},"19":{"start":{"line":41,"column":16},"end":{"line":41,"column":60}},"20":{"start":{"line":42,"column":16},"end":{"line":42,"column":64}},"21":{"start":{"line":45,"column":12},"end":{"line":45,"column":87}},"22":{"start":{"line":47,"column":12},"end":{"line":47,"column":25}}},"fnMap":{"0":{"name":"checkIncludeOperator","decl":{"start":{"line":9,"column":9},"end":{"line":9,"column":29}},"loc":{"start":{"line":9,"column":37},"end":{"line":17,"column":1}},"line":9},"1":{"name":"(anonymous_1)","decl":{"start":{"line":11,"column":27},"end":{"line":11,"column":28}},"loc":{"start":{"line":11,"column":35},"end":{"line":15,"column":5}},"line":11},"2":{"name":"(anonymous_2)","decl":{"start":{"line":21,"column":15},"end":{"line":21,"column":16}},"loc":{"start":{"line":21,"column":55},"end":{"line":49,"column":1}},"line":21}},"branchMap":{"0":{"loc":{"start":{"line":12,"column":8},"end":{"line":14,"column":9}},"type":"if","locations":[{"start":{"line":12,"column":8},"end":{"line":14,"column":9}},{"start":{"line":12,"column":8},"end":{"line":14,"column":9}}],"line":12},"1":{"loc":{"start":{"line":21,"column":25},"end":{"line":21,"column":45}},"type":"default-arg","locations":[{"start":{"line":21,"column":33},"end":{"line":21,"column":45}}],"line":21},"2":{"loc":{"start":{"line":22,"column":4},"end":{"line":48,"column":5}},"type":"switch","locations":[{"start":{"line":23,"column":8},"end":{"line":27,"column":137}},{"start":{"line":28,"column":8},"end":{"line":45,"column":87}},{"start":{"line":46,"column":8},"end":{"line":47,"column":25}}],"line":22},"3":{"loc":{"start":{"line":24,"column":12},"end":{"line":26,"column":13}},"type":"if","locations":[{"start":{"line":24,"column":12},"end":{"line":26,"column":13}},{"start":{"line":24,"column":12},"end":{"line":26,"column":13}}],"line":24},"4":{"loc":{"start":{"line":27,"column":33},"end":{"line":27,"column":115}},"type":"cond-expr","locations":[{"start":{"line":27,"column":54},"end":{"line":27,"column":68}},{"start":{"line":27,"column":71},"end":{"line":27,"column":115}}],"line":27},"5":{"loc":{"start":{"line":31,"column":12},"end":{"line":31,"column":49}},"type":"if","locations":[{"start":{"line":31,"column":12},"end":{"line":31,"column":49}},{"start":{"line":31,"column":12},"end":{"line":31,"column":49}}],"line":31},"6":{"loc":{"start":{"line":33,"column":12},"end":{"line":38,"column":13}},"type":"if","locations":[{"start":{"line":33,"column":12},"end":{"line":38,"column":13}},{"start":{"line":33,"column":12},"end":{"line":38,"column":13}}],"line":33},"7":{"loc":{"start":{"line":34,"column":16},"end":{"line":36,"column":17}},"type":"if","locations":[{"start":{"line":34,"column":16},"end":{"line":36,"column":17}},{"start":{"line":34,"column":16},"end":{"line":36,"column":17}}],"line":34},"8":{"loc":{"start":{"line":40,"column":12},"end":{"line":43,"column":13}},"type":"if","locations":[{"start":{"line":40,"column":12},"end":{"line":43,"column":13}},{"start":{"line":40,"column":12},"end":{"line":43,"column":13}}],"line":40}},"s":{"0":2,"1":2,"2":2,"3":10,"4":6,"5":2,"6":2,"7":10,"8":3,"9":1,"10":2,"11":5,"12":5,"13":1,"14":4,"15":2,"16":1,"17":1,"18":2,"19":1,"20":1,"21":1,"22":2},"f":{"0":2,"1":10,"2":10},"b":{"0":[6,4],"1":[2],"2":[3,5,2],"3":[1,2],"4":[1,1],"5":[1,4],"6":[2,2],"7":[1,1],"8":[1,1]},"_coverageSchema":"43e27e138ebf9cfc5966b082cf9a028302ed4184","hash":"06b33c3d617ad4ce97d17a5ed38f7c4774812352"}
,"/Users/mon/workspace/CalculatorApp/src/styles.js": {"path":"/Users/mon/workspace/CalculatorApp/src/styles.js","statementMap":{"0":{"start":{"line":3,"column":22},"end":{"line":53,"column":2}}},"fnMap":{},"branchMap":{},"s":{"0":2},"f":{},"b":{},"_coverageSchema":"43e27e138ebf9cfc5966b082cf9a028302ed4184","hash":"02370ccb53464e4916304409621294da0ea8a6d4"}
}
