TN:
SF:/Users/mon/workspace/CalculatorApp/src/Button.js
FN:5,Button
FNF:1
FNH:1
FNDA:51,Button
DA:6,51
LF:1
LH:1
BRF:0
BRH:0
end_of_record
TN:
SF:/Users/mon/workspace/CalculatorApp/src/Screen.js
FN:10,(anonymous_0)
FN:14,(anonymous_1)
FN:22,(anonymous_2)
FN:25,(anonymous_3)
FN:27,(anonymous_4)
FN:35,(anonymous_5)
FN:38,(anonymous_6)
FN:49,(anonymous_7)
FN:53,(anonymous_8)
FNF:9
FNH:7
FNDA:3,(anonymous_0)
FNDA:3,(anonymous_1)
FNDA:12,(anonymous_2)
FNDA:36,(anonymous_3)
FNDA:0,(anonymous_4)
FNDA:15,(anonymous_5)
FNDA:0,(anonymous_6)
FNDA:6,(anonymous_7)
FNDA:8,(anonymous_8)
DA:11,3
DA:15,3
DA:23,12
DA:26,36
DA:27,0
DA:36,15
DA:38,0
DA:49,6
DA:53,2
DA:54,8
LF:10
LH:8
BRF:0
BRH:0
end_of_record
TN:
SF:/Users/mon/workspace/CalculatorApp/src/actions.js
FN:3,(anonymous_0)
FN:8,(anonymous_1)
FNF:2
FNH:2
FNDA:2,(anonymous_0)
FNDA:2,(anonymous_1)
DA:3,3
DA:8,3
LF:2
LH:2
BRF:0
BRH:0
end_of_record
TN:
SF:/Users/mon/workspace/CalculatorApp/src/constants.js
FNF:0
FNH:0
DA:1,4
DA:8,4
DA:10,4
DA:11,4
LF:4
LH:4
BRF:0
BRH:0
end_of_record
TN:
SF:/Users/mon/workspace/CalculatorApp/src/reducer.js
FN:9,checkIncludeOperator
FN:11,(anonymous_1)
FN:21,(anonymous_2)
FNF:3
FNH:3
FNDA:2,checkIncludeOperator
FNDA:10,(anonymous_1)
FNDA:10,(anonymous_2)
DA:4,2
DA:10,2
DA:11,2
DA:12,10
DA:13,6
DA:16,2
DA:19,2
DA:22,10
DA:24,3
DA:25,1
DA:27,2
DA:29,5
DA:31,5
DA:33,4
DA:34,2
DA:35,1
DA:37,1
DA:40,2
DA:41,1
DA:42,1
DA:45,1
DA:47,2
LF:22
LH:22
BRDA:12,0,0,6
BRDA:12,0,1,4
BRDA:21,1,0,2
BRDA:22,2,0,3
BRDA:22,2,1,5
BRDA:22,2,2,2
BRDA:24,3,0,1
BRDA:24,3,1,2
BRDA:27,4,0,1
BRDA:27,4,1,1
BRDA:31,5,0,1
BRDA:31,5,1,4
BRDA:33,6,0,2
BRDA:33,6,1,2
BRDA:34,7,0,1
BRDA:34,7,1,1
BRDA:40,8,0,1
BRDA:40,8,1,1
BRF:18
BRH:18
end_of_record
TN:
SF:/Users/mon/workspace/CalculatorApp/src/styles.js
FNF:0
FNH:0
DA:3,2
LF:1
LH:1
BRF:0
BRH:0
end_of_record
